--- Command ---
python3 /home/lenin31/Desktop/repos/F1ML/synplicate/simple_solver/simple_solver.py /home/lenin31/Desktop/repos/F1ML/synplicate/experiments/loan_acquisition/

--- Return Code: 0 ---

--- Standard Output (stdout) ---
--- Found cache file 'experiments/loan_acquisition/sampler_cache_loan.pkl'. Loading samples. ---
Explored 4 features to find a single-node classifier.
Best feature: monthly_income
Synthesized program: /home/lenin31/Desktop/repos/F1ML/synplicate/experiments/loan_acquisition/program/program_simple_monthly_income.py
Visualization: /home/lenin31/Desktop/repos/F1ML/synplicate/experiments/loan_acquisition/program/program_simple_monthly_income.dot
Image stored at: /home/lenin31/Desktop/repos/F1ML/synplicate/simple_solver/images/loan_acquisition_program_simple_monthly_income_1763917798.png
Synthesis time:1.2589588165283203
Accuracy:0.89 (89/100)
Explainability: 1.0
Total cost:10.999999999999988
correctnessReward: 89
explainibilityReward: 100


--- Standard Error (stderr) ---
2025-11-23 22:39:57.727867: I tensorflow/core/util/port.cc:113] oneDNN custom operations are on. You may see slightly different numerical results due to floating-point round-off errors from different computation orders. To turn them off, set the environment variable `TF_ENABLE_ONEDNN_OPTS=0`.
2025-11-23 22:39:57.729226: I external/local_tsl/tsl/cuda/cudart_stub.cc:31] Could not find cuda drivers on your machine, GPU will not be used.
2025-11-23 22:39:57.751922: E external/local_xla/xla/stream_executor/cuda/cuda_dnn.cc:9261] Unable to register cuDNN factory: Attempting to register factory for plugin cuDNN when one has already been registered
2025-11-23 22:39:57.751949: E external/local_xla/xla/stream_executor/cuda/cuda_fft.cc:607] Unable to register cuFFT factory: Attempting to register factory for plugin cuFFT when one has already been registered
2025-11-23 22:39:57.752729: E external/local_xla/xla/stream_executor/cuda/cuda_blas.cc:1515] Unable to register cuBLAS factory: Attempting to register factory for plugin cuBLAS when one has already been registered
2025-11-23 22:39:57.756779: I external/local_tsl/tsl/cuda/cudart_stub.cc:31] Could not find cuda drivers on your machine, GPU will not be used.
2025-11-23 22:39:57.756918: I tensorflow/core/platform/cpu_feature_guard.cc:182] This TensorFlow binary is optimized to use available CPU instructions in performance-critical operations.
To enable the following instructions: AVX2 AVX_VNNI FMA, in other operations, rebuild TensorFlow with the appropriate compiler flags.
2025-11-23 22:39:58.175270: W tensorflow/compiler/tf2tensorrt/utils/py_utils.cc:38] TF-TRT Warning: Could not find TensorRT
