--- Command ---
python3 /home/lenin31/Desktop/repos/F1ML/synplicate/simple_solver/simple_solver.py /home/lenin31/Desktop/repos/F1ML/synplicate/experiments/california_census/

--- Return Code: 0 ---

--- Standard Output (stdout) ---
--- Found cache file 'experiments/california_census/sampler_cache_tf.pkl'. Loading samples. ---
Explored 2 features to find a single-node classifier.
Best feature: population
Synthesized program: /home/lenin31/Desktop/repos/F1ML/synplicate/experiments/california_census/program/program_simple_population.py
Visualization: /home/lenin31/Desktop/repos/F1ML/synplicate/experiments/california_census/program/program_simple_population.dot
Image stored at: /home/lenin31/Desktop/repos/F1ML/synplicate/simple_solver/images/california_census_program_simple_population_1763959195.png
Synthesis time:1.1801486015319824
Accuracy:0.85 (85/100)
Explainability: 1.0
Total cost:14.999999999999991
correctnessReward: 85
explainibilityReward: 100


--- Standard Error (stderr) ---
2025-11-24 10:09:54.564169: I tensorflow/core/util/port.cc:113] oneDNN custom operations are on. You may see slightly different numerical results due to floating-point round-off errors from different computation orders. To turn them off, set the environment variable `TF_ENABLE_ONEDNN_OPTS=0`.
2025-11-24 10:09:54.565553: I external/local_tsl/tsl/cuda/cudart_stub.cc:31] Could not find cuda drivers on your machine, GPU will not be used.
2025-11-24 10:09:54.587941: E external/local_xla/xla/stream_executor/cuda/cuda_dnn.cc:9261] Unable to register cuDNN factory: Attempting to register factory for plugin cuDNN when one has already been registered
2025-11-24 10:09:54.587969: E external/local_xla/xla/stream_executor/cuda/cuda_fft.cc:607] Unable to register cuFFT factory: Attempting to register factory for plugin cuFFT when one has already been registered
2025-11-24 10:09:54.588738: E external/local_xla/xla/stream_executor/cuda/cuda_blas.cc:1515] Unable to register cuBLAS factory: Attempting to register factory for plugin cuBLAS when one has already been registered
2025-11-24 10:09:54.592709: I external/local_tsl/tsl/cuda/cudart_stub.cc:31] Could not find cuda drivers on your machine, GPU will not be used.
2025-11-24 10:09:54.592840: I tensorflow/core/platform/cpu_feature_guard.cc:182] This TensorFlow binary is optimized to use available CPU instructions in performance-critical operations.
To enable the following instructions: AVX2 AVX_VNNI FMA, in other operations, rebuild TensorFlow with the appropriate compiler flags.
2025-11-24 10:09:55.005861: W tensorflow/compiler/tf2tensorrt/utils/py_utils.cc:38] TF-TRT Warning: Could not find TensorRT
